<?xml version="1.0" encoding="UTF-8"?>
<Site BuildName="Win32-MSBuild"
	BuildStamp="20241115-1123-Experimental"
	Name="mm14-2022-014"
	Generator="ctest-3.30.0"
	CompilerName="C:/VisualStudio/VC/Tools/MSVC/14.40.33807/bin/Hostx64/x64/cl.exe"
	CompilerVersion="19.40.33812.0"
	OSName="Windows"
	Hostname="mm14-2022-014"
	OSRelease=" Professional"
	OSVersion=" (Build 19045)"
	OSPlatform="AMD64"
	Is64Bits="1"
	VendorString="GenuineIntel"
	VendorID="Intel Corporation"
	FamilyID="6"
	ModelID="7"
	ProcessorCacheSize="-1"
	NumberOfLogicalCPU="16"
	NumberOfPhysicalCPU="8"
	TotalVirtualMemory="37509"
	TotalPhysicalMemory="32645"
	LogicalProcessorsPerPhysical="2"
	ProcessorClockFrequency="2496"
	>
	<Testing>
		<StartDateTime>Nov 15 12:54 Romance Standard Time</StartDateTime>
		<StartTestTime>1731671677</StartTestTime>
		<TestList/>
		<EndDateTime>Nov 15 12:54 Romance Standard Time</EndDateTime>
		<EndTestTime>1731671677</EndTestTime>
		<ElapsedMinutes>0</ElapsedMinutes>
	</Testing>
</Site>
